2021-08-31 18:49:22.1402|INFO|Microsoft.Hosting.Lifetime|Application started. Press Ctrl+C to shut down.
2021-08-31 18:49:22.1637|INFO|Microsoft.Hosting.Lifetime|Hosting environment: Development
2021-08-31 18:49:22.1637|INFO|Microsoft.Hosting.Lifetime|Content root path: C:\Users\Matias\Desktop\FACET\3--Taller de Lenguajes II\Trabajo Practico 02\Trabajo Practico 02\Trabajo Practico 02
2021-08-31 18:49:33.2474|INFO|Trabajo_Practico_02.Controllers.HomeController|prueba
2021-08-31 18:52:40.2655|INFO|Microsoft.Hosting.Lifetime|Application started. Press Ctrl+C to shut down.
2021-08-31 18:52:40.2881|INFO|Microsoft.Hosting.Lifetime|Hosting environment: Development
2021-08-31 18:52:40.2881|INFO|Microsoft.Hosting.Lifetime|Content root path: C:\Users\Matias\Desktop\FACET\3--Taller de Lenguajes II\Trabajo Practico 02\Trabajo Practico 02\Trabajo Practico 02
2021-08-31 18:53:07.1697|INFO|Trabajo_Practico_02.Controllers.HomeController|[0,] [Edad:2022][Antiguedad:2022][Salario:7000]
2021-08-31 18:53:43.8622|INFO|Microsoft.Hosting.Lifetime|Application started. Press Ctrl+C to shut down.
2021-08-31 18:53:43.8841|INFO|Microsoft.Hosting.Lifetime|Hosting environment: Development
2021-08-31 18:53:43.8841|INFO|Microsoft.Hosting.Lifetime|Content root path: C:\Users\Matias\Desktop\FACET\3--Taller de Lenguajes II\Trabajo Practico 02\Trabajo Practico 02\Trabajo Practico 02
2021-08-31 18:55:57.4641|INFO|Microsoft.Hosting.Lifetime|Application started. Press Ctrl+C to shut down.
2021-08-31 18:55:57.4868|INFO|Microsoft.Hosting.Lifetime|Hosting environment: Development
2021-08-31 18:55:57.4889|INFO|Microsoft.Hosting.Lifetime|Content root path: C:\Users\Matias\Desktop\FACET\3--Taller de Lenguajes II\Trabajo Practico 02\Trabajo Practico 02\Trabajo Practico 02
2021-08-31 18:59:52.0849|INFO|Microsoft.Hosting.Lifetime|Application started. Press Ctrl+C to shut down.
2021-08-31 18:59:52.1048|INFO|Microsoft.Hosting.Lifetime|Hosting environment: Development
2021-08-31 18:59:52.1048|INFO|Microsoft.Hosting.Lifetime|Content root path: C:\Users\Matias\Desktop\FACET\3--Taller de Lenguajes II\Trabajo Practico 02\Trabajo Practico 02\Trabajo Practico 02
2021-08-31 19:00:11.9152|INFO|Trabajo_Practico_02.Controllers.HomeController|[,] [Edad:2022][Antiguedad:2022][Salario:7000]
2021-08-31 19:03:27.7382|INFO|Microsoft.Hosting.Lifetime|Application started. Press Ctrl+C to shut down.
2021-08-31 19:03:27.7585|INFO|Microsoft.Hosting.Lifetime|Hosting environment: Development
2021-08-31 19:03:27.7585|INFO|Microsoft.Hosting.Lifetime|Content root path: C:\Users\Matias\Desktop\FACET\3--Taller de Lenguajes II\Trabajo Practico 02\Trabajo Practico 02\Trabajo Practico 02
2021-08-31 19:04:57.7724|INFO|Microsoft.Hosting.Lifetime|Application started. Press Ctrl+C to shut down.
2021-08-31 19:04:57.7956|INFO|Microsoft.Hosting.Lifetime|Hosting environment: Development
2021-08-31 19:04:57.7956|INFO|Microsoft.Hosting.Lifetime|Content root path: C:\Users\Matias\Desktop\FACET\3--Taller de Lenguajes II\Trabajo Practico 02\Trabajo Practico 02\Trabajo Practico 02
2021-08-31 19:05:12.7950|INFO|Trabajo_Practico_02.Controllers.HomeController|[Martinez,Matias] [Edad:24][Antiguedad:16][Salario:6550]
2021-08-31 19:06:57.8421|INFO|Microsoft.Hosting.Lifetime|Application started. Press Ctrl+C to shut down.
2021-08-31 19:06:57.8649|INFO|Microsoft.Hosting.Lifetime|Hosting environment: Development
2021-08-31 19:06:57.8649|INFO|Microsoft.Hosting.Lifetime|Content root path: C:\Users\Matias\Desktop\FACET\3--Taller de Lenguajes II\Trabajo Practico 02\Trabajo Practico 02\Trabajo Practico 02
2021-08-31 19:07:11.0322|INFO|Trabajo_Practico_02.Controllers.HomeController|[Martinez,Matias][Edad:24][Antiguedad:16][Salario:6550]
